<?xml version="1.0" encoding="UTF-8"?>
<!-- Generated by org.testng.reporters.JUnitReportReporter -->
<testsuite skipped="0" hostname="IN1214132W1" name="samplegittest.SampleGitTest" tests="1" failures="0" timestamp="23 Jun 2018 04:42:42 GMT" time="15.977" errors="0">
  <testcase name="loginTest" time="15.977" classname="samplegittest.SampleGitTest"/>
</testsuite> <!-- samplegittest.SampleGitTest -->
