<?xml version="1.0" encoding="UTF-8"?>
<!-- Generated by org.testng.reporters.JUnitReportReporter -->
<testsuite skipped="0" hostname="IN1214132W1" name="samplegittest.SampleGitTest" tests="1" failures="0" timestamp="16 Jun 2018 05:23:58 GMT" time="12.576" errors="0">
  <testcase name="loginTest" time="12.576" classname="samplegittest.SampleGitTest"/>
</testsuite> <!-- samplegittest.SampleGitTest -->
