<?xml version="1.0" encoding="UTF-8"?>
<!-- Generated by org.testng.reporters.JUnitReportReporter -->
<testsuite name="samplegittest.SampleGitTest2" tests="1" time="14.085" ignored="0" failures="0" timestamp="23 Jun 2018 06:06:34 GMT" skipped="0" hostname="IN1214132W1" errors="0">
  <testcase name="loginTest" time="14.085" classname="samplegittest.SampleGitTest2"/>
</testsuite> <!-- samplegittest.SampleGitTest2 -->
